2025-06-23 14:42:04,660:WARNING:
'cuml' is a soft dependency and not included in the pycaret installation. Please run: `pip install cuml` to install.
2025-06-23 14:42:04,660:WARNING:
'cuml' is a soft dependency and not included in the pycaret installation. Please run: `pip install cuml` to install.
2025-06-23 14:42:04,660:WARNING:
'cuml' is a soft dependency and not included in the pycaret installation. Please run: `pip install cuml` to install.
2025-06-23 14:42:04,660:WARNING:
'cuml' is a soft dependency and not included in the pycaret installation. Please run: `pip install cuml` to install.
2025-06-23 14:42:07,714:INFO:Initializing load_model()
2025-06-23 14:42:07,714:INFO:load_model(model_name=best_model, platform=None, authentication=None, verbose=True)
2025-06-23 14:42:07,759:WARNING:C:\Users\Mateusz\miniconda3\envs\app_runalyze_ai\Lib\site-packages\pycaret\internal\pipeline.py:148: UserWarning: Version mismatch:
current: {'deps_info': {'pip': '25.1', 'setuptools': '78.1.1', 'pycaret': '3.3.2', 'IPython': '9.3.0', 'ipywidgets': '8.1.7', 'tqdm': '4.67.1', 'numpy': '1.26.4', 'pandas': '2.1.4', 'jinja2': '3.1.6', 'scipy': '1.11.4', 'joblib': '1.3.2', 'sklearn': '1.4.2', 'pyod': '2.0.5', 'imblearn': '0.13.0', 'category_encoders': '2.7.0', 'lightgbm': '4.6.0', 'numba': '0.61.2', 'requests': '2.32.4', 'matplotlib': '3.7.5', 'scikitplot': '0.3.7', 'yellowbrick': '1.5', 'plotly': '5.24.1', 'plotly-resampler': 'Not installed', 'kaleido': '1.0.0', 'schemdraw': '0.15', 'statsmodels': '0.14.4', 'sktime': '0.26.0', 'tbats': '1.1.3', 'pmdarima': '2.0.4', 'psutil': '7.0.0', 'markupsafe': '3.0.2', 'pickle5': 'Not installed', 'cloudpickle': '3.1.1', 'deprecation': '2.1.0', 'xxhash': '3.5.0', 'wurlitzer': 'Not installed'}, 'python': {'version': '3.11.13', 'machine': 'AMD64'}}
pickle: {'deps_info': {'pip': '24.2', 'setuptools': '75.1.0', 'pycaret': '3.3.2', 'IPython': '8.27.0', 'ipywidgets': '8.1.5', 'tqdm': '4.66.6', 'numpy': '1.26.4', 'pandas': '2.1.4', 'jinja2': '3.1.4', 'scipy': '1.11.4', 'joblib': '1.2.0', 'sklearn': '1.4.2', 'pyod': '2.0.2', 'imblearn': '0.13.0', 'category_encoders': '2.6.3', 'lightgbm': '4.5.0', 'numba': '0.60.0', 'requests': '2.32.3', 'matplotlib': '3.7.5', 'scikitplot': '0.3.7', 'yellowbrick': '1.5', 'plotly': '5.24.1', 'plotly-resampler': 'Not installed', 'kaleido': '0.2.1', 'schemdraw': '0.15', 'statsmodels': '0.14.4', 'sktime': '0.26.0', 'tbats': '1.1.3', 'pmdarima': '2.0.4', 'psutil': '5.9.0', 'markupsafe': '2.1.3', 'pickle5': 'Not installed', 'cloudpickle': '3.0.0', 'deprecation': '2.1.0', 'xxhash': '3.5.0', 'wurlitzer': '3.1.1'}, 'python': {'version': '3.11.10', 'machine': 'AMD64'}}
  warnings.warn(

2025-06-23 14:49:33,143:WARNING:C:\Users\Mateusz\Desktop\od_zera_do_ai\modul 9\00_runalyze_ai\app.py:92: FutureWarning: Calling float on a single element Series is deprecated and will raise a TypeError in the future. Use float(ser.iloc[0]) instead
  return float(time_str)

2025-06-23 14:53:15,885:INFO:Initializing predict_model()
2025-06-23 14:53:15,885:INFO:predict_model(self=<pycaret.regression.oop.RegressionExperiment object at 0x0000029AAD16FE50>, estimator=Pipeline(memory=Memory(location=None),
         steps=[('numerical_imputer',
                 TransformerWrapper(include=['5 km Tempo', 'Wiek'],
                                    transformer=SimpleImputer())),
                ('categorical_imputer',
                 TransformerWrapper(include=['Płeć'],
                                    transformer=SimpleImputer(strategy='most_frequent'))),
                ('ordinal_encoding',
                 TransformerWrapper(include=['Płeć'],
                                    transformer=OrdinalEncoder(cols=['Płeć'],
                                                               handle_missing='return_nan',
                                                               mapping=[{'col': 'Płeć',
                                                                         'data_type': dtype('O'),
                                                                         'mapping': K      0
M      1
NaN   -1
dtype: int64}]))),
                ('clean_column_names',
                 TransformerWrapper(transformer=CleanColumnNames())),
                ('actual_estimator',
                 GradientBoostingRegressor(random_state=33))]), probability_threshold=None, encoded_labels=False, raw_score=False, round=4, verbose=True, ml_usecase=None, preprocess=True, encode_labels=<function _SupervisedExperiment.predict_model.<locals>.encode_labels at 0x0000029AAD18C040>)
2025-06-23 14:53:15,885:INFO:Checking exceptions
2025-06-23 14:53:15,898:INFO:Preloading libraries
2025-06-23 14:53:15,898:INFO:Set up data.
2025-06-23 14:53:15,900:INFO:Set up index.
2025-06-23 14:54:58,298:INFO:Initializing predict_model()
2025-06-23 14:54:58,298:INFO:predict_model(self=<pycaret.regression.oop.RegressionExperiment object at 0x0000029AACB7C2D0>, estimator=Pipeline(memory=Memory(location=None),
         steps=[('numerical_imputer',
                 TransformerWrapper(include=['5 km Tempo', 'Wiek'],
                                    transformer=SimpleImputer())),
                ('categorical_imputer',
                 TransformerWrapper(include=['Płeć'],
                                    transformer=SimpleImputer(strategy='most_frequent'))),
                ('ordinal_encoding',
                 TransformerWrapper(include=['Płeć'],
                                    transformer=OrdinalEncoder(cols=['Płeć'],
                                                               handle_missing='return_nan',
                                                               mapping=[{'col': 'Płeć',
                                                                         'data_type': dtype('O'),
                                                                         'mapping': K      0
M      1
NaN   -1
dtype: int64}]))),
                ('clean_column_names',
                 TransformerWrapper(transformer=CleanColumnNames())),
                ('actual_estimator',
                 GradientBoostingRegressor(random_state=33))]), probability_threshold=None, encoded_labels=False, raw_score=False, round=4, verbose=True, ml_usecase=None, preprocess=True, encode_labels=<function _SupervisedExperiment.predict_model.<locals>.encode_labels at 0x0000029AAD018C20>)
2025-06-23 14:54:58,298:INFO:Checking exceptions
2025-06-23 14:54:58,298:INFO:Preloading libraries
2025-06-23 14:54:58,298:INFO:Set up data.
2025-06-23 14:54:58,315:INFO:Set up index.
